<!DOCTYPE html PUBLIC "-//W3C//DTD XHTML 1.1//EN" "http://www.w3.org/TR/xhtml11/DTD/xhtml11.dtd">
<html xmlns="http://www.w3.org/1999/xhtml"><head><title>TestNG Report</title><style type="text/css">table {margin-bottom:10px;border-collapse:collapse;empty-cells:show}th,td {border:1px solid #009;padding:.25em .5em}th {vertical-align:bottom}td {vertical-align:top}table a {font-weight:bold}.stripe td {background-color: #E6EBF9}.num {text-align:right}.passedodd td {background-color: #3F3}.passedeven td {background-color: #0A0}.skippedodd td {background-color: #DDD}.skippedeven td {background-color: #CCC}.failedodd td,.attn {background-color: #F33}.failedeven td,.stripe .attn {background-color: #D00}.stacktrace {white-space:pre;font-family:monospace}.totop {font-size:85%;text-align:center;border-bottom:2px solid #000}</style></head><body><table><tr><th>Test</th><th># Passed</th><th># Skipped</th><th># Failed</th><th>Time (ms)</th><th>Included Groups</th><th>Excluded Groups</th></tr><tr><th colspan="7">SeleniumTestSuite</th></tr><tr><td><a href="#t0">TestDemo_Chrome</a></td><td class="num">1</td><td class="num">0</td><td class="num">0</td><td class="num">10,867</td><td></td><td></td></tr><tr class="stripe"><td><a href="#t1">TestDemo_ie</a></td><td class="num">0</td><td class="num">0</td><td class="num attn">1</td><td class="num">1,608</td><td></td><td></td></tr><tr><th>Total</th><th class="num">1</th><th class="num">0</th><th class="num attn">1</th><th class="num">12,475</th><th colspan="2"></th></tr></table><table><thead><tr><th>Class</th><th>Method</th><th>Start</th><th>Time (ms)</th></tr></thead><tbody><tr><th colspan="4">SeleniumTestSuite</th></tr></tbody><tbody id="t0"><tr><th colspan="4">TestDemo_Chrome &#8212; passed</th></tr><tr class="passedeven"><td rowspan="1">TestDemos.NewTest</td><td><a href="#m0">alertTestCase</a></td><td rowspan="1">1591248741328</td><td rowspan="1">2179</td></tr></tbody><tbody id="t1"><tr><th colspan="4">TestDemo_ie &#8212; failed</th></tr><tr class="failedeven"><td rowspan="1">TestDemos.NewTest</td><td><a href="#m1">alertTestCase</a></td><td rowspan="1">1591248746275</td><td rowspan="1">16</td></tr></tbody></table><h2>TestDemo_Chrome</h2><h3 id="m0">TestDemos.NewTest#alertTestCase</h3><table class="result"></table><p class="totop"><a href="#summary">back to summary</a></p><h2>TestDemo_ie</h2><h3 id="m1">TestDemos.NewTest#alertTestCase</h3><table class="result"><tr><th>Exception</th></tr><tr><td><div class="stacktrace">org.openqa.selenium.WebDriverException: Returned value cannot be converted to WebElement: {stacktrace=, error=invalid session id, message=session null does not exist}
Build info: version: &apos;2.53.0&apos;, revision: &apos;35ae25b&apos;, time: &apos;2016-03-15 16:57:40&apos;
System info: host: &apos;MYSHEC125397L&apos;, ip: &apos;10.184.45.220&apos;, os.name: &apos;Windows 10&apos;, os.arch: &apos;amd64&apos;, os.version: &apos;10.0&apos;, java.version: &apos;1.8.0_202&apos;
Driver info: driver.version: RemoteWebDriver
	at org.openqa.selenium.remote.RemoteWebDriver.findElement(RemoteWebDriver.java:370)
	at org.openqa.selenium.remote.RemoteWebDriver.findElementByXPath(RemoteWebDriver.java:500)
	at org.openqa.selenium.By$ByXPath.findElement(By.java:361)
	at org.openqa.selenium.remote.RemoteWebDriver.findElement(RemoteWebDriver.java:355)
	at TestDemos.NewTest.alertTestCase(NewTest.java:55)
Caused by: java.lang.ClassCastException: com.google.common.collect.Maps$TransformedEntriesMap incompatible with org.openqa.selenium.WebElement
	at org.openqa.selenium.remote.RemoteWebDriver.findElement(RemoteWebDriver.java:368)
	... 27 more
... Removed 23 stack frames</div></td></tr></table><p class="totop"><a href="#summary">back to summary</a></p></body></html>