<?xml version="1.0" encoding="UTF-8"?>
<testng-results skipped="0" failed="1" total="2" passed="1">
  <reporter-output>
  </reporter-output>
  <suite name="SeleniumTestSuite" duration-ms="12534" started-at="2020-06-04T05:32:14Z" finished-at="2020-06-04T05:32:27Z">
    <groups>
    </groups>
    <test name="TestDemo_Chrome" duration-ms="10867" started-at="2020-06-04T05:32:14Z" finished-at="2020-06-04T05:32:25Z">
      <class name="TestDemos.NewTest">
        <test-method status="PASS" signature="Driverinit(java.lang.String)[pri:0, instance:TestDemos.NewTest@f3d96fb]" name="Driverinit" is-config="true" duration-ms="5062" started-at="2020-06-04T11:02:14Z" finished-at="2020-06-04T11:02:19Z">
          <params>
            <param index="0">
              <value>
                <![CDATA[chrome]]>
              </value>
            </param>
          </params>
          <reporter-output>
          </reporter-output>
        </test-method> <!-- Driverinit -->
        <test-method status="PASS" signature="LoadPage(java.lang.String)[pri:0, instance:TestDemos.NewTest@f3d96fb]" name="LoadPage" is-config="true" duration-ms="1563" started-at="2020-06-04T11:02:19Z" finished-at="2020-06-04T11:02:21Z">
          <params>
            <param index="0">
              <value>
                <![CDATA[http://10.82.181.26/Automation/DemoApps/PopUpBox.aspx]]>
              </value>
            </param>
          </params>
          <reporter-output>
          </reporter-output>
        </test-method> <!-- LoadPage -->
        <test-method status="PASS" signature="alertTestCase()[pri:0, instance:TestDemos.NewTest@f3d96fb]" name="alertTestCase" duration-ms="2179" started-at="2020-06-04T11:02:21Z" finished-at="2020-06-04T11:02:23Z">
          <reporter-output>
          </reporter-output>
        </test-method> <!-- alertTestCase -->
        <test-method status="PASS" signature="quitDriver()[pri:0, instance:TestDemos.NewTest@f3d96fb]" name="quitDriver" is-config="true" duration-ms="2036" started-at="2020-06-04T11:02:23Z" finished-at="2020-06-04T11:02:25Z">
          <reporter-output>
          </reporter-output>
        </test-method> <!-- quitDriver -->
      </class> <!-- TestDemos.NewTest -->
    </test> <!-- TestDemo_Chrome -->
    <test name="TestDemo_ie" duration-ms="1608" started-at="2020-06-04T05:32:25Z" finished-at="2020-06-04T05:32:27Z">
      <class name="TestDemos.NewTest">
        <test-method status="PASS" signature="Driverinit(java.lang.String)[pri:0, instance:TestDemos.NewTest@a19d4db2]" name="Driverinit" is-config="true" duration-ms="645" started-at="2020-06-04T11:02:25Z" finished-at="2020-06-04T11:02:26Z">
          <params>
            <param index="0">
              <value>
                <![CDATA[ie]]>
              </value>
            </param>
          </params>
          <reporter-output>
          </reporter-output>
        </test-method> <!-- Driverinit -->
        <test-method status="PASS" signature="LoadPage(java.lang.String)[pri:0, instance:TestDemos.NewTest@a19d4db2]" name="LoadPage" is-config="true" duration-ms="19" started-at="2020-06-04T11:02:26Z" finished-at="2020-06-04T11:02:26Z">
          <params>
            <param index="0">
              <value>
                <![CDATA[http://10.82.181.26/Automation/DemoApps/PopUpBox.aspx]]>
              </value>
            </param>
          </params>
          <reporter-output>
          </reporter-output>
        </test-method> <!-- LoadPage -->
        <test-method status="FAIL" signature="alertTestCase()[pri:0, instance:TestDemos.NewTest@a19d4db2]" name="alertTestCase" duration-ms="16" started-at="2020-06-04T11:02:26Z" finished-at="2020-06-04T11:02:26Z">
          <exception class="org.openqa.selenium.WebDriverException">
            <message>
              <![CDATA[Returned value cannot be converted to WebElement: {stacktrace=, error=invalid session id, message=session null does not exist}
Build info: version: '2.53.0', revision: '35ae25b', time: '2016-03-15 16:57:40'
System info: host: 'MYSHEC125397L', ip: '10.184.45.220', os.name: 'Windows 10', os.arch: 'amd64', os.version: '10.0', java.version: '1.8.0_202'
Driver info: driver.version: RemoteWebDriver]]>
            </message>
            <full-stacktrace>
              <![CDATA[org.openqa.selenium.WebDriverException: Returned value cannot be converted to WebElement: {stacktrace=, error=invalid session id, message=session null does not exist}
Build info: version: '2.53.0', revision: '35ae25b', time: '2016-03-15 16:57:40'
System info: host: 'MYSHEC125397L', ip: '10.184.45.220', os.name: 'Windows 10', os.arch: 'amd64', os.version: '10.0', java.version: '1.8.0_202'
Driver info: driver.version: RemoteWebDriver
	at org.openqa.selenium.remote.RemoteWebDriver.findElement(RemoteWebDriver.java:370)
	at org.openqa.selenium.remote.RemoteWebDriver.findElementByXPath(RemoteWebDriver.java:500)
	at org.openqa.selenium.By$ByXPath.findElement(By.java:361)
	at org.openqa.selenium.remote.RemoteWebDriver.findElement(RemoteWebDriver.java:355)
	at TestDemos.NewTest.alertTestCase(NewTest.java:55)
	at sun.reflect.NativeMethodAccessorImpl.invoke0(Native Method)
	at sun.reflect.NativeMethodAccessorImpl.invoke(NativeMethodAccessorImpl.java:62)
	at sun.reflect.DelegatingMethodAccessorImpl.invoke(DelegatingMethodAccessorImpl.java:43)
	at java.lang.reflect.Method.invoke(Method.java:498)
	at org.testng.internal.MethodInvocationHelper.invokeMethod(MethodInvocationHelper.java:85)
	at org.testng.internal.Invoker.invokeMethod(Invoker.java:639)
	at org.testng.internal.Invoker.invokeTestMethod(Invoker.java:816)
	at org.testng.internal.Invoker.invokeTestMethods(Invoker.java:1124)
	at org.testng.internal.TestMethodWorker.invokeTestMethods(TestMethodWorker.java:125)
	at org.testng.internal.TestMethodWorker.run(TestMethodWorker.java:108)
	at org.testng.TestRunner.privateRun(TestRunner.java:774)
	at org.testng.TestRunner.run(TestRunner.java:624)
	at org.testng.SuiteRunner.runTest(SuiteRunner.java:359)
	at org.testng.SuiteRunner.runSequentially(SuiteRunner.java:354)
	at org.testng.SuiteRunner.privateRun(SuiteRunner.java:312)
	at org.testng.SuiteRunner.run(SuiteRunner.java:261)
	at org.testng.SuiteRunnerWorker.runSuite(SuiteRunnerWorker.java:52)
	at org.testng.SuiteRunnerWorker.run(SuiteRunnerWorker.java:86)
	at org.testng.TestNG.runSuitesSequentially(TestNG.java:1215)
	at org.testng.TestNG.runSuitesLocally(TestNG.java:1140)
	at org.testng.TestNG.run(TestNG.java:1048)
	at org.testng.TestNG.privateMain(TestNG.java:1355)
	at org.testng.TestNG.main(TestNG.java:1324)
Caused by: java.lang.ClassCastException: com.google.common.collect.Maps$TransformedEntriesMap incompatible with org.openqa.selenium.WebElement
	at org.openqa.selenium.remote.RemoteWebDriver.findElement(RemoteWebDriver.java:368)
	... 27 more
]]>
            </full-stacktrace>
          </exception> <!-- org.openqa.selenium.WebDriverException -->
          <reporter-output>
          </reporter-output>
        </test-method> <!-- alertTestCase -->
        <test-method status="PASS" signature="quitDriver()[pri:0, instance:TestDemos.NewTest@a19d4db2]" name="quitDriver" is-config="true" duration-ms="926" started-at="2020-06-04T11:02:26Z" finished-at="2020-06-04T11:02:27Z">
          <reporter-output>
          </reporter-output>
        </test-method> <!-- quitDriver -->
      </class> <!-- TestDemos.NewTest -->
    </test> <!-- TestDemo_ie -->
  </suite> <!-- SeleniumTestSuite -->
</testng-results>
